<?xml version="1.0" encoding="UTF-8"?>
<coverage generated="1617017403713" clover="3.2.0">
  <project timestamp="1617017403713" name="All files">
    <metrics statements="16" coveredstatements="16" conditionals="0" coveredconditionals="0" methods="5" coveredmethods="5" elements="21" coveredelements="21" complexity="0" loc="16" ncloc="16" packages="1" files="3" classes="3"/>
    <file name="Item.js" path="/Users/hodmire/Documents/GitHub/Restaurant/src/Item.js">
      <metrics statements="3" coveredstatements="3" conditionals="0" coveredconditionals="0" methods="1" coveredmethods="1"/>
      <line num="3" count="3" type="stmt"/>
      <line num="4" count="3" type="stmt"/>
      <line num="7" count="1" type="stmt"/>
    </file>
    <file name="Menu.js" path="/Users/hodmire/Documents/GitHub/Restaurant/src/Menu.js">
      <metrics statements="6" coveredstatements="6" conditionals="0" coveredconditionals="0" methods="2" coveredmethods="2"/>
      <line num="1" count="1" type="stmt"/>
      <line num="5" count="2" type="stmt"/>
      <line num="6" count="2" type="stmt"/>
      <line num="7" count="2" type="stmt"/>
      <line num="10" count="2" type="stmt"/>
      <line num="14" count="1" type="stmt"/>
    </file>
    <file name="Restaurant.js" path="/Users/hodmire/Documents/GitHub/Restaurant/src/Restaurant.js">
      <metrics statements="7" coveredstatements="7" conditionals="0" coveredconditionals="0" methods="2" coveredmethods="2"/>
      <line num="1" count="1" type="stmt"/>
      <line num="4" count="1" type="stmt"/>
      <line num="5" count="1" type="stmt"/>
      <line num="6" count="1" type="stmt"/>
      <line num="7" count="1" type="stmt"/>
      <line num="10" count="1" type="stmt"/>
      <line num="14" count="1" type="stmt"/>
    </file>
  </project>
</coverage>
